INFO:sentence_transformers.SentenceTransformer:Use pytorch device_name: mps
INFO:sentence_transformers.SentenceTransformer:Load pretrained SentenceTransformer: all-distilroberta-v1
DEBUG:urllib3.connectionpool:Starting new HTTPS connection (1): huggingface.co:443
DEBUG:urllib3.connectionpool:https://huggingface.co:443 "HEAD /sentence-transformers/all-distilroberta-v1/resolve/main/modules.json HTTP/11" 200 0
DEBUG:urllib3.connectionpool:https://huggingface.co:443 "HEAD /sentence-transformers/all-distilroberta-v1/resolve/main/config_sentence_transformers.json HTTP/11" 200 0
DEBUG:urllib3.connectionpool:https://huggingface.co:443 "HEAD /sentence-transformers/all-distilroberta-v1/resolve/main/README.md HTTP/11" 200 0
DEBUG:urllib3.connectionpool:https://huggingface.co:443 "HEAD /sentence-transformers/all-distilroberta-v1/resolve/main/modules.json HTTP/11" 200 0
DEBUG:urllib3.connectionpool:https://huggingface.co:443 "HEAD /sentence-transformers/all-distilroberta-v1/resolve/main/sentence_bert_config.json HTTP/11" 200 0
DEBUG:urllib3.connectionpool:https://huggingface.co:443 "HEAD /sentence-transformers/all-distilroberta-v1/resolve/main/config.json HTTP/11" 200 0
DEBUG:urllib3.connectionpool:https://huggingface.co:443 "HEAD /sentence-transformers/all-distilroberta-v1/resolve/main/tokenizer_config.json HTTP/11" 200 0
DEBUG:urllib3.connectionpool:https://huggingface.co:443 "GET /api/models/sentence-transformers/all-distilroberta-v1/revision/main HTTP/11" 200 3728
DEBUG:urllib3.connectionpool:https://huggingface.co:443 "GET /api/models/sentence-transformers/all-distilroberta-v1 HTTP/11" 200 3728
INFO:__main__:Model training strated at: 1725204704.8266408
INFO:sentence_transformers.SentenceTransformer:Use pytorch device_name: mps
INFO:sentence_transformers.SentenceTransformer:Load pretrained SentenceTransformer: all-distilroberta-v1
DEBUG:urllib3.connectionpool:Starting new HTTPS connection (1): huggingface.co:443
DEBUG:urllib3.connectionpool:https://huggingface.co:443 "HEAD /sentence-transformers/all-distilroberta-v1/resolve/main/modules.json HTTP/11" 200 0
DEBUG:urllib3.connectionpool:https://huggingface.co:443 "HEAD /sentence-transformers/all-distilroberta-v1/resolve/main/config_sentence_transformers.json HTTP/11" 200 0
DEBUG:urllib3.connectionpool:https://huggingface.co:443 "HEAD /sentence-transformers/all-distilroberta-v1/resolve/main/README.md HTTP/11" 200 0
DEBUG:urllib3.connectionpool:https://huggingface.co:443 "HEAD /sentence-transformers/all-distilroberta-v1/resolve/main/modules.json HTTP/11" 200 0
DEBUG:urllib3.connectionpool:https://huggingface.co:443 "HEAD /sentence-transformers/all-distilroberta-v1/resolve/main/sentence_bert_config.json HTTP/11" 200 0
DEBUG:urllib3.connectionpool:https://huggingface.co:443 "HEAD /sentence-transformers/all-distilroberta-v1/resolve/main/config.json HTTP/11" 200 0
DEBUG:urllib3.connectionpool:https://huggingface.co:443 "HEAD /sentence-transformers/all-distilroberta-v1/resolve/main/tokenizer_config.json HTTP/11" 200 0
DEBUG:urllib3.connectionpool:https://huggingface.co:443 "GET /api/models/sentence-transformers/all-distilroberta-v1/revision/main HTTP/11" 200 3728
DEBUG:urllib3.connectionpool:https://huggingface.co:443 "GET /api/models/sentence-transformers/all-distilroberta-v1 HTTP/11" 200 3728
INFO:__main__:Model training strated at: 1725208564.953173
INFO:__main__:SBERT finetuning on label desc data
INFO:__main__:SBERT finetuning on knowledge_hub dataset
DEBUG:urllib3.connectionpool:https://huggingface.co:443 "HEAD /sentence-transformers/all-distilroberta-v1/resolve/main/tokenizer_config.json HTTP/11" 200 0
INFO:sentence_transformers.SentenceTransformer:Save model to /Users/snk58/sdg_classification/models/202409011736_3001/sbert_embedding_modelknowledge_hub
INFO:sentence_transformers.SentenceTransformer:Use pytorch device_name: mps
INFO:sentence_transformers.SentenceTransformer:Load pretrained SentenceTransformer: all-distilroberta-v1
DEBUG:urllib3.connectionpool:Starting new HTTPS connection (1): huggingface.co:443
DEBUG:urllib3.connectionpool:https://huggingface.co:443 "HEAD /sentence-transformers/all-distilroberta-v1/resolve/main/modules.json HTTP/11" 200 0
DEBUG:urllib3.connectionpool:https://huggingface.co:443 "HEAD /sentence-transformers/all-distilroberta-v1/resolve/main/config_sentence_transformers.json HTTP/11" 200 0
DEBUG:urllib3.connectionpool:https://huggingface.co:443 "HEAD /sentence-transformers/all-distilroberta-v1/resolve/main/README.md HTTP/11" 200 0
DEBUG:urllib3.connectionpool:https://huggingface.co:443 "HEAD /sentence-transformers/all-distilroberta-v1/resolve/main/modules.json HTTP/11" 200 0
DEBUG:urllib3.connectionpool:https://huggingface.co:443 "HEAD /sentence-transformers/all-distilroberta-v1/resolve/main/sentence_bert_config.json HTTP/11" 200 0
DEBUG:urllib3.connectionpool:https://huggingface.co:443 "HEAD /sentence-transformers/all-distilroberta-v1/resolve/main/config.json HTTP/11" 200 0
DEBUG:urllib3.connectionpool:https://huggingface.co:443 "HEAD /sentence-transformers/all-distilroberta-v1/resolve/main/tokenizer_config.json HTTP/11" 200 0
DEBUG:urllib3.connectionpool:https://huggingface.co:443 "GET /api/models/sentence-transformers/all-distilroberta-v1/revision/main HTTP/11" 200 3728
DEBUG:urllib3.connectionpool:https://huggingface.co:443 "GET /api/models/sentence-transformers/all-distilroberta-v1 HTTP/11" 200 3728
INFO:__main__:Model training strated at: 1725208979.651896
INFO:__main__:SBERT finetuning on label desc data
INFO:__main__:SBERT finetuning on knowledge_hub dataset
DEBUG:urllib3.connectionpool:https://huggingface.co:443 "HEAD /sentence-transformers/all-distilroberta-v1/resolve/main/tokenizer_config.json HTTP/11" 200 0
INFO:sentence_transformers.SentenceTransformer:Save model to /Users/snk58/sdg_classification/models/202409011742_3001/sbert_embedding_modelknowledge_hub
INFO:__main__:Process ended at: 1725209121.5805771
INFO:sentence_transformers.SentenceTransformer:Use pytorch device_name: mps
INFO:sentence_transformers.SentenceTransformer:Load pretrained SentenceTransformer: all-distilroberta-v1
DEBUG:urllib3.connectionpool:Starting new HTTPS connection (1): huggingface.co:443
DEBUG:urllib3.connectionpool:https://huggingface.co:443 "HEAD /sentence-transformers/all-distilroberta-v1/resolve/main/modules.json HTTP/11" 200 0
DEBUG:urllib3.connectionpool:https://huggingface.co:443 "HEAD /sentence-transformers/all-distilroberta-v1/resolve/main/config_sentence_transformers.json HTTP/11" 200 0
DEBUG:urllib3.connectionpool:https://huggingface.co:443 "HEAD /sentence-transformers/all-distilroberta-v1/resolve/main/README.md HTTP/11" 200 0
DEBUG:urllib3.connectionpool:https://huggingface.co:443 "HEAD /sentence-transformers/all-distilroberta-v1/resolve/main/modules.json HTTP/11" 200 0
DEBUG:urllib3.connectionpool:https://huggingface.co:443 "HEAD /sentence-transformers/all-distilroberta-v1/resolve/main/sentence_bert_config.json HTTP/11" 200 0
DEBUG:urllib3.connectionpool:https://huggingface.co:443 "HEAD /sentence-transformers/all-distilroberta-v1/resolve/main/config.json HTTP/11" 200 0
DEBUG:urllib3.connectionpool:https://huggingface.co:443 "HEAD /sentence-transformers/all-distilroberta-v1/resolve/main/tokenizer_config.json HTTP/11" 200 0
DEBUG:urllib3.connectionpool:https://huggingface.co:443 "GET /api/models/sentence-transformers/all-distilroberta-v1/revision/main HTTP/11" 200 3728
DEBUG:urllib3.connectionpool:https://huggingface.co:443 "GET /api/models/sentence-transformers/all-distilroberta-v1 HTTP/11" 200 3728
INFO:sentence_transformers.SentenceTransformer:Use pytorch device_name: mps
INFO:sentence_transformers.SentenceTransformer:Load pretrained SentenceTransformer: /Users/snk58/sdg_classification/models/202409011742_3001/sbert_embedding_modelknowledge_hub
INFO:sentence_transformers.SentenceTransformer:Use pytorch device_name: mps
INFO:sentence_transformers.SentenceTransformer:Load pretrained SentenceTransformer: all-distilroberta-v1
DEBUG:urllib3.connectionpool:Starting new HTTPS connection (1): huggingface.co:443
DEBUG:urllib3.connectionpool:https://huggingface.co:443 "HEAD /sentence-transformers/all-distilroberta-v1/resolve/main/modules.json HTTP/11" 200 0
DEBUG:urllib3.connectionpool:https://huggingface.co:443 "HEAD /sentence-transformers/all-distilroberta-v1/resolve/main/config_sentence_transformers.json HTTP/11" 200 0
DEBUG:urllib3.connectionpool:https://huggingface.co:443 "HEAD /sentence-transformers/all-distilroberta-v1/resolve/main/README.md HTTP/11" 200 0
DEBUG:urllib3.connectionpool:https://huggingface.co:443 "HEAD /sentence-transformers/all-distilroberta-v1/resolve/main/modules.json HTTP/11" 200 0
DEBUG:urllib3.connectionpool:https://huggingface.co:443 "HEAD /sentence-transformers/all-distilroberta-v1/resolve/main/sentence_bert_config.json HTTP/11" 200 0
DEBUG:urllib3.connectionpool:https://huggingface.co:443 "HEAD /sentence-transformers/all-distilroberta-v1/resolve/main/config.json HTTP/11" 200 0
DEBUG:urllib3.connectionpool:https://huggingface.co:443 "HEAD /sentence-transformers/all-distilroberta-v1/resolve/main/tokenizer_config.json HTTP/11" 200 0
DEBUG:urllib3.connectionpool:https://huggingface.co:443 "GET /api/models/sentence-transformers/all-distilroberta-v1/revision/main HTTP/11" 200 3728
DEBUG:urllib3.connectionpool:https://huggingface.co:443 "GET /api/models/sentence-transformers/all-distilroberta-v1 HTTP/11" 200 3728
INFO:sentence_transformers.SentenceTransformer:Use pytorch device_name: mps
INFO:sentence_transformers.SentenceTransformer:Load pretrained SentenceTransformer: /Users/snk58/sdg_classification/models/202409011742_3001/sbert_embedding_modelknowledge_hub
INFO:sentence_transformers.SentenceTransformer:Use pytorch device_name: mps
INFO:sentence_transformers.SentenceTransformer:Load pretrained SentenceTransformer: all-distilroberta-v1
DEBUG:urllib3.connectionpool:Starting new HTTPS connection (1): huggingface.co:443
DEBUG:urllib3.connectionpool:https://huggingface.co:443 "HEAD /sentence-transformers/all-distilroberta-v1/resolve/main/modules.json HTTP/11" 200 0
DEBUG:urllib3.connectionpool:https://huggingface.co:443 "HEAD /sentence-transformers/all-distilroberta-v1/resolve/main/config_sentence_transformers.json HTTP/11" 200 0
DEBUG:urllib3.connectionpool:https://huggingface.co:443 "HEAD /sentence-transformers/all-distilroberta-v1/resolve/main/README.md HTTP/11" 200 0
DEBUG:urllib3.connectionpool:https://huggingface.co:443 "HEAD /sentence-transformers/all-distilroberta-v1/resolve/main/modules.json HTTP/11" 200 0
DEBUG:urllib3.connectionpool:https://huggingface.co:443 "HEAD /sentence-transformers/all-distilroberta-v1/resolve/main/sentence_bert_config.json HTTP/11" 200 0
DEBUG:urllib3.connectionpool:https://huggingface.co:443 "HEAD /sentence-transformers/all-distilroberta-v1/resolve/main/config.json HTTP/11" 200 0
DEBUG:urllib3.connectionpool:https://huggingface.co:443 "HEAD /sentence-transformers/all-distilroberta-v1/resolve/main/tokenizer_config.json HTTP/11" 200 0
DEBUG:urllib3.connectionpool:https://huggingface.co:443 "GET /api/models/sentence-transformers/all-distilroberta-v1/revision/main HTTP/11" 200 3728
DEBUG:urllib3.connectionpool:https://huggingface.co:443 "GET /api/models/sentence-transformers/all-distilroberta-v1 HTTP/11" 200 3728
INFO:sentence_transformers.SentenceTransformer:Use pytorch device_name: mps
INFO:sentence_transformers.SentenceTransformer:Load pretrained SentenceTransformer: /Users/snk58/sdg_classification/models/202409011742_3001/sbert_embedding_modelknowledge_hub
INFO:sentence_transformers.SentenceTransformer:Use pytorch device_name: mps
INFO:sentence_transformers.SentenceTransformer:Load pretrained SentenceTransformer: all-distilroberta-v1
DEBUG:urllib3.connectionpool:Starting new HTTPS connection (1): huggingface.co:443
DEBUG:urllib3.connectionpool:https://huggingface.co:443 "HEAD /sentence-transformers/all-distilroberta-v1/resolve/main/modules.json HTTP/11" 200 0
DEBUG:urllib3.connectionpool:https://huggingface.co:443 "HEAD /sentence-transformers/all-distilroberta-v1/resolve/main/config_sentence_transformers.json HTTP/11" 200 0
DEBUG:urllib3.connectionpool:https://huggingface.co:443 "HEAD /sentence-transformers/all-distilroberta-v1/resolve/main/README.md HTTP/11" 200 0
DEBUG:urllib3.connectionpool:https://huggingface.co:443 "HEAD /sentence-transformers/all-distilroberta-v1/resolve/main/modules.json HTTP/11" 200 0
DEBUG:urllib3.connectionpool:https://huggingface.co:443 "HEAD /sentence-transformers/all-distilroberta-v1/resolve/main/sentence_bert_config.json HTTP/11" 200 0
DEBUG:urllib3.connectionpool:https://huggingface.co:443 "HEAD /sentence-transformers/all-distilroberta-v1/resolve/main/config.json HTTP/11" 200 0
DEBUG:urllib3.connectionpool:https://huggingface.co:443 "HEAD /sentence-transformers/all-distilroberta-v1/resolve/main/tokenizer_config.json HTTP/11" 200 0
DEBUG:urllib3.connectionpool:https://huggingface.co:443 "GET /api/models/sentence-transformers/all-distilroberta-v1/revision/main HTTP/11" 200 3728
DEBUG:urllib3.connectionpool:https://huggingface.co:443 "GET /api/models/sentence-transformers/all-distilroberta-v1 HTTP/11" 200 3728
INFO:sentence_transformers.SentenceTransformer:Use pytorch device_name: mps
INFO:sentence_transformers.SentenceTransformer:Load pretrained SentenceTransformer: /Users/snk58/sdg_classification/models/202409011742_3001/sbert_embedding_modelknowledge_hub
INFO:sentence_transformers.SentenceTransformer:Use pytorch device_name: mps
INFO:sentence_transformers.SentenceTransformer:Load pretrained SentenceTransformer: all-distilroberta-v1
DEBUG:urllib3.connectionpool:Starting new HTTPS connection (1): huggingface.co:443
DEBUG:urllib3.connectionpool:https://huggingface.co:443 "HEAD /sentence-transformers/all-distilroberta-v1/resolve/main/modules.json HTTP/11" 200 0
DEBUG:urllib3.connectionpool:https://huggingface.co:443 "HEAD /sentence-transformers/all-distilroberta-v1/resolve/main/config_sentence_transformers.json HTTP/11" 200 0
DEBUG:urllib3.connectionpool:https://huggingface.co:443 "HEAD /sentence-transformers/all-distilroberta-v1/resolve/main/README.md HTTP/11" 200 0
DEBUG:urllib3.connectionpool:https://huggingface.co:443 "HEAD /sentence-transformers/all-distilroberta-v1/resolve/main/modules.json HTTP/11" 200 0
DEBUG:urllib3.connectionpool:https://huggingface.co:443 "HEAD /sentence-transformers/all-distilroberta-v1/resolve/main/sentence_bert_config.json HTTP/11" 200 0
DEBUG:urllib3.connectionpool:https://huggingface.co:443 "HEAD /sentence-transformers/all-distilroberta-v1/resolve/main/config.json HTTP/11" 200 0
DEBUG:urllib3.connectionpool:https://huggingface.co:443 "HEAD /sentence-transformers/all-distilroberta-v1/resolve/main/tokenizer_config.json HTTP/11" 200 0
DEBUG:urllib3.connectionpool:https://huggingface.co:443 "GET /api/models/sentence-transformers/all-distilroberta-v1/revision/main HTTP/11" 200 3728
DEBUG:urllib3.connectionpool:https://huggingface.co:443 "GET /api/models/sentence-transformers/all-distilroberta-v1 HTTP/11" 200 3728
INFO:sentence_transformers.SentenceTransformer:Use pytorch device_name: mps
INFO:sentence_transformers.SentenceTransformer:Load pretrained SentenceTransformer: /Users/snk58/sdg_classification/models/202409011742_3001/sbert_embedding_modelknowledge_hub
DEBUG:urllib3.connectionpool:https://huggingface.co:443 "HEAD /sentence-transformers/all-distilroberta-v1/resolve/main/tokenizer_config.json HTTP/11" 200 0
INFO:sentence_transformers.SentenceTransformer:Use pytorch device_name: mps
INFO:sentence_transformers.SentenceTransformer:Load pretrained SentenceTransformer: all-distilroberta-v1
DEBUG:urllib3.connectionpool:Starting new HTTPS connection (1): huggingface.co:443
DEBUG:urllib3.connectionpool:https://huggingface.co:443 "HEAD /sentence-transformers/all-distilroberta-v1/resolve/main/modules.json HTTP/11" 200 0
DEBUG:urllib3.connectionpool:https://huggingface.co:443 "HEAD /sentence-transformers/all-distilroberta-v1/resolve/main/config_sentence_transformers.json HTTP/11" 200 0
DEBUG:urllib3.connectionpool:https://huggingface.co:443 "HEAD /sentence-transformers/all-distilroberta-v1/resolve/main/README.md HTTP/11" 200 0
DEBUG:urllib3.connectionpool:https://huggingface.co:443 "HEAD /sentence-transformers/all-distilroberta-v1/resolve/main/modules.json HTTP/11" 200 0
DEBUG:urllib3.connectionpool:https://huggingface.co:443 "HEAD /sentence-transformers/all-distilroberta-v1/resolve/main/sentence_bert_config.json HTTP/11" 200 0
DEBUG:urllib3.connectionpool:https://huggingface.co:443 "HEAD /sentence-transformers/all-distilroberta-v1/resolve/main/config.json HTTP/11" 200 0
DEBUG:urllib3.connectionpool:https://huggingface.co:443 "HEAD /sentence-transformers/all-distilroberta-v1/resolve/main/tokenizer_config.json HTTP/11" 200 0
DEBUG:urllib3.connectionpool:https://huggingface.co:443 "GET /api/models/sentence-transformers/all-distilroberta-v1/revision/main HTTP/11" 200 3728
DEBUG:urllib3.connectionpool:https://huggingface.co:443 "GET /api/models/sentence-transformers/all-distilroberta-v1 HTTP/11" 200 3728
INFO:sentence_transformers.SentenceTransformer:Use pytorch device_name: mps
INFO:sentence_transformers.SentenceTransformer:Load pretrained SentenceTransformer: all-distilroberta-v1
DEBUG:urllib3.connectionpool:Starting new HTTPS connection (1): huggingface.co:443
DEBUG:urllib3.connectionpool:https://huggingface.co:443 "HEAD /sentence-transformers/all-distilroberta-v1/resolve/main/modules.json HTTP/11" 200 0
DEBUG:urllib3.connectionpool:https://huggingface.co:443 "HEAD /sentence-transformers/all-distilroberta-v1/resolve/main/config_sentence_transformers.json HTTP/11" 200 0
DEBUG:urllib3.connectionpool:https://huggingface.co:443 "HEAD /sentence-transformers/all-distilroberta-v1/resolve/main/README.md HTTP/11" 200 0
DEBUG:urllib3.connectionpool:https://huggingface.co:443 "HEAD /sentence-transformers/all-distilroberta-v1/resolve/main/modules.json HTTP/11" 200 0
DEBUG:urllib3.connectionpool:https://huggingface.co:443 "HEAD /sentence-transformers/all-distilroberta-v1/resolve/main/sentence_bert_config.json HTTP/11" 200 0
DEBUG:urllib3.connectionpool:https://huggingface.co:443 "HEAD /sentence-transformers/all-distilroberta-v1/resolve/main/config.json HTTP/11" 200 0
DEBUG:urllib3.connectionpool:https://huggingface.co:443 "HEAD /sentence-transformers/all-distilroberta-v1/resolve/main/tokenizer_config.json HTTP/11" 200 0
DEBUG:urllib3.connectionpool:https://huggingface.co:443 "GET /api/models/sentence-transformers/all-distilroberta-v1/revision/main HTTP/11" 200 3728
DEBUG:urllib3.connectionpool:https://huggingface.co:443 "GET /api/models/sentence-transformers/all-distilroberta-v1 HTTP/11" 200 3728
INFO:__main__:Model training strated at: 1725219768.766509
INFO:__main__:SBERT finetuning on label desc data
INFO:__main__:SBERT finetuning on knowledge_hub dataset
DEBUG:urllib3.connectionpool:https://huggingface.co:443 "HEAD /sentence-transformers/all-distilroberta-v1/resolve/main/tokenizer_config.json HTTP/11" 200 0
INFO:sentence_transformers.SentenceTransformer:Save model to /Users/snk58/sdg_classification/models/202409012042_3001/sbert_embedding_modelknowledge_hub
INFO:__main__:Process ended at: 1725219908.92415
INFO:sentence_transformers.SentenceTransformer:Use pytorch device_name: mps
INFO:sentence_transformers.SentenceTransformer:Load pretrained SentenceTransformer: all-distilroberta-v1
DEBUG:urllib3.connectionpool:Starting new HTTPS connection (1): huggingface.co:443
DEBUG:urllib3.connectionpool:https://huggingface.co:443 "HEAD /sentence-transformers/all-distilroberta-v1/resolve/main/modules.json HTTP/11" 200 0
DEBUG:urllib3.connectionpool:https://huggingface.co:443 "HEAD /sentence-transformers/all-distilroberta-v1/resolve/main/config_sentence_transformers.json HTTP/11" 200 0
DEBUG:urllib3.connectionpool:https://huggingface.co:443 "HEAD /sentence-transformers/all-distilroberta-v1/resolve/main/README.md HTTP/11" 200 0
DEBUG:urllib3.connectionpool:https://huggingface.co:443 "HEAD /sentence-transformers/all-distilroberta-v1/resolve/main/modules.json HTTP/11" 200 0
DEBUG:urllib3.connectionpool:https://huggingface.co:443 "HEAD /sentence-transformers/all-distilroberta-v1/resolve/main/sentence_bert_config.json HTTP/11" 200 0
DEBUG:urllib3.connectionpool:https://huggingface.co:443 "HEAD /sentence-transformers/all-distilroberta-v1/resolve/main/config.json HTTP/11" 200 0
DEBUG:urllib3.connectionpool:https://huggingface.co:443 "HEAD /sentence-transformers/all-distilroberta-v1/resolve/main/tokenizer_config.json HTTP/11" 200 0
DEBUG:urllib3.connectionpool:https://huggingface.co:443 "GET /api/models/sentence-transformers/all-distilroberta-v1/revision/main HTTP/11" 200 3728
DEBUG:urllib3.connectionpool:https://huggingface.co:443 "GET /api/models/sentence-transformers/all-distilroberta-v1 HTTP/11" 200 3728
INFO:sentence_transformers.SentenceTransformer:Use pytorch device_name: mps
INFO:sentence_transformers.SentenceTransformer:Load pretrained SentenceTransformer: /Users/snk58/sdg_classification/models/202409012042_3001/sbert_embedding_modelknowledge_hub
DEBUG:urllib3.connectionpool:https://huggingface.co:443 "HEAD /sentence-transformers/all-distilroberta-v1/resolve/main/tokenizer_config.json HTTP/11" 200 0
INFO:sentence_transformers.SentenceTransformer:Use pytorch device_name: mps
INFO:sentence_transformers.SentenceTransformer:Load pretrained SentenceTransformer: all-distilroberta-v1
DEBUG:urllib3.connectionpool:Starting new HTTPS connection (1): huggingface.co:443
DEBUG:urllib3.connectionpool:https://huggingface.co:443 "HEAD /sentence-transformers/all-distilroberta-v1/resolve/main/modules.json HTTP/11" 200 0
DEBUG:urllib3.connectionpool:https://huggingface.co:443 "HEAD /sentence-transformers/all-distilroberta-v1/resolve/main/config_sentence_transformers.json HTTP/11" 200 0
DEBUG:urllib3.connectionpool:https://huggingface.co:443 "HEAD /sentence-transformers/all-distilroberta-v1/resolve/main/README.md HTTP/11" 200 0
DEBUG:urllib3.connectionpool:https://huggingface.co:443 "HEAD /sentence-transformers/all-distilroberta-v1/resolve/main/modules.json HTTP/11" 200 0
DEBUG:urllib3.connectionpool:https://huggingface.co:443 "HEAD /sentence-transformers/all-distilroberta-v1/resolve/main/sentence_bert_config.json HTTP/11" 200 0
DEBUG:urllib3.connectionpool:https://huggingface.co:443 "HEAD /sentence-transformers/all-distilroberta-v1/resolve/main/config.json HTTP/11" 200 0
DEBUG:urllib3.connectionpool:https://huggingface.co:443 "HEAD /sentence-transformers/all-distilroberta-v1/resolve/main/tokenizer_config.json HTTP/11" 200 0
DEBUG:urllib3.connectionpool:https://huggingface.co:443 "GET /api/models/sentence-transformers/all-distilroberta-v1/revision/main HTTP/11" 200 3728
DEBUG:urllib3.connectionpool:https://huggingface.co:443 "GET /api/models/sentence-transformers/all-distilroberta-v1 HTTP/11" 200 3728
INFO:sentence_transformers.SentenceTransformer:Use pytorch device_name: mps
INFO:sentence_transformers.SentenceTransformer:Load pretrained SentenceTransformer: /Users/snk58/sdg_classification/models/202409012042_3001/sbert_embedding_modelknowledge_hub
DEBUG:urllib3.connectionpool:https://huggingface.co:443 "HEAD /sentence-transformers/all-distilroberta-v1/resolve/main/tokenizer_config.json HTTP/11" 200 0
INFO:sentence_transformers.SentenceTransformer:Use pytorch device_name: mps
INFO:sentence_transformers.SentenceTransformer:Load pretrained SentenceTransformer: all-distilroberta-v1
DEBUG:urllib3.connectionpool:Starting new HTTPS connection (1): huggingface.co:443
DEBUG:urllib3.connectionpool:https://huggingface.co:443 "HEAD /sentence-transformers/all-distilroberta-v1/resolve/main/modules.json HTTP/11" 200 0
DEBUG:urllib3.connectionpool:https://huggingface.co:443 "HEAD /sentence-transformers/all-distilroberta-v1/resolve/main/config_sentence_transformers.json HTTP/11" 200 0
DEBUG:urllib3.connectionpool:https://huggingface.co:443 "HEAD /sentence-transformers/all-distilroberta-v1/resolve/main/README.md HTTP/11" 200 0
DEBUG:urllib3.connectionpool:https://huggingface.co:443 "HEAD /sentence-transformers/all-distilroberta-v1/resolve/main/modules.json HTTP/11" 200 0
DEBUG:urllib3.connectionpool:https://huggingface.co:443 "HEAD /sentence-transformers/all-distilroberta-v1/resolve/main/sentence_bert_config.json HTTP/11" 200 0
DEBUG:urllib3.connectionpool:https://huggingface.co:443 "HEAD /sentence-transformers/all-distilroberta-v1/resolve/main/config.json HTTP/11" 200 0
DEBUG:urllib3.connectionpool:https://huggingface.co:443 "HEAD /sentence-transformers/all-distilroberta-v1/resolve/main/tokenizer_config.json HTTP/11" 200 0
DEBUG:urllib3.connectionpool:https://huggingface.co:443 "GET /api/models/sentence-transformers/all-distilroberta-v1/revision/main HTTP/11" 200 3728
DEBUG:urllib3.connectionpool:https://huggingface.co:443 "GET /api/models/sentence-transformers/all-distilroberta-v1 HTTP/11" 200 3728
INFO:sentence_transformers.SentenceTransformer:Use pytorch device_name: mps
INFO:sentence_transformers.SentenceTransformer:Load pretrained SentenceTransformer: /Users/snk58/sdg_classification/models/202409012042_3001/sbert_embedding_modelknowledge_hub
DEBUG:urllib3.connectionpool:https://huggingface.co:443 "HEAD /sentence-transformers/all-distilroberta-v1/resolve/main/tokenizer_config.json HTTP/11" 200 0
INFO:__main__:predictions saved to /Users/snk58/sdg_classification/output/results/202409012042_3001
INFO:__main__:Process ended at: 1725220607.288983
INFO:sentence_transformers.SentenceTransformer:Use pytorch device_name: mps
INFO:sentence_transformers.SentenceTransformer:Load pretrained SentenceTransformer: all-distilroberta-v1
DEBUG:urllib3.connectionpool:Starting new HTTPS connection (1): huggingface.co:443
DEBUG:urllib3.connectionpool:https://huggingface.co:443 "HEAD /sentence-transformers/all-distilroberta-v1/resolve/main/modules.json HTTP/11" 200 0
DEBUG:urllib3.connectionpool:https://huggingface.co:443 "HEAD /sentence-transformers/all-distilroberta-v1/resolve/main/config_sentence_transformers.json HTTP/11" 200 0
DEBUG:urllib3.connectionpool:https://huggingface.co:443 "HEAD /sentence-transformers/all-distilroberta-v1/resolve/main/README.md HTTP/11" 200 0
DEBUG:urllib3.connectionpool:https://huggingface.co:443 "HEAD /sentence-transformers/all-distilroberta-v1/resolve/main/modules.json HTTP/11" 200 0
DEBUG:urllib3.connectionpool:https://huggingface.co:443 "HEAD /sentence-transformers/all-distilroberta-v1/resolve/main/sentence_bert_config.json HTTP/11" 200 0
DEBUG:urllib3.connectionpool:https://huggingface.co:443 "HEAD /sentence-transformers/all-distilroberta-v1/resolve/main/config.json HTTP/11" 200 0
DEBUG:urllib3.connectionpool:https://huggingface.co:443 "HEAD /sentence-transformers/all-distilroberta-v1/resolve/main/tokenizer_config.json HTTP/11" 200 0
DEBUG:urllib3.connectionpool:https://huggingface.co:443 "GET /api/models/sentence-transformers/all-distilroberta-v1/revision/main HTTP/11" 200 3728
DEBUG:urllib3.connectionpool:https://huggingface.co:443 "GET /api/models/sentence-transformers/all-distilroberta-v1 HTTP/11" 200 3728
INFO:__main__:Model training strated at: 1725220772.557865
INFO:__main__:SBERT finetuning on label desc data
INFO:__main__:SBERT finetuning on knowledge_hub dataset
DEBUG:urllib3.connectionpool:https://huggingface.co:443 "HEAD /sentence-transformers/all-distilroberta-v1/resolve/main/tokenizer_config.json HTTP/11" 200 0
INFO:sentence_transformers.SentenceTransformer:Save model to /Users/snk58/sdg_classification/models/202409012059_3001/sbert_embedding_modelknowledge_hub
INFO:__main__:Process ended at: 1725223873.953619
INFO:sentence_transformers.SentenceTransformer:Use pytorch device_name: mps
INFO:sentence_transformers.SentenceTransformer:Load pretrained SentenceTransformer: all-distilroberta-v1
DEBUG:urllib3.connectionpool:Starting new HTTPS connection (1): huggingface.co:443
DEBUG:urllib3.connectionpool:https://huggingface.co:443 "HEAD /sentence-transformers/all-distilroberta-v1/resolve/main/modules.json HTTP/11" 200 0
DEBUG:urllib3.connectionpool:https://huggingface.co:443 "HEAD /sentence-transformers/all-distilroberta-v1/resolve/main/config_sentence_transformers.json HTTP/11" 200 0
DEBUG:urllib3.connectionpool:https://huggingface.co:443 "HEAD /sentence-transformers/all-distilroberta-v1/resolve/main/README.md HTTP/11" 200 0
DEBUG:urllib3.connectionpool:https://huggingface.co:443 "HEAD /sentence-transformers/all-distilroberta-v1/resolve/main/modules.json HTTP/11" 200 0
DEBUG:urllib3.connectionpool:https://huggingface.co:443 "HEAD /sentence-transformers/all-distilroberta-v1/resolve/main/sentence_bert_config.json HTTP/11" 200 0
DEBUG:urllib3.connectionpool:https://huggingface.co:443 "HEAD /sentence-transformers/all-distilroberta-v1/resolve/main/config.json HTTP/11" 200 0
DEBUG:urllib3.connectionpool:https://huggingface.co:443 "HEAD /sentence-transformers/all-distilroberta-v1/resolve/main/tokenizer_config.json HTTP/11" 200 0
DEBUG:urllib3.connectionpool:https://huggingface.co:443 "GET /api/models/sentence-transformers/all-distilroberta-v1/revision/main HTTP/11" 200 3728
DEBUG:urllib3.connectionpool:https://huggingface.co:443 "GET /api/models/sentence-transformers/all-distilroberta-v1 HTTP/11" 200 3728
INFO:sentence_transformers.SentenceTransformer:Use pytorch device_name: mps
INFO:sentence_transformers.SentenceTransformer:Load pretrained SentenceTransformer: /Users/snk58/sdg_classification/models/202409012059_3001/sbert_embedding_modelknowledge_hub
DEBUG:urllib3.connectionpool:https://huggingface.co:443 "HEAD /sentence-transformers/all-distilroberta-v1/resolve/main/tokenizer_config.json HTTP/11" 200 0
INFO:__main__:predictions saved to /Users/snk58/sdg_classification/output/results/202409012059_3001
INFO:__main__:Process ended at: 1725223955.4875882
